<?xml version="1.0" encoding="UTF-8"?>
<!-- Generated by org.testng.reporters.JUnitReportReporter -->
<testsuite hostname="DESKTOP-IP80BGQ" failures="0" tests="2" name="MyTestDemo" time="52.688" errors="0" timestamp="2021-09-29T09:23:57 IST" skipped="0">
  <testcase classname="MyTestDemo" name="navigation_FeatureTest" time="34.818"/>
  <system-out/>
  <testcase classname="MyTestDemo" name="navigationTest" time="17.870"/>
  <system-out/>
</testsuite> <!-- MyTestDemo -->
